<?xml version="1.0" encoding="UTF-8"?><testsuite errors="0" failures="0" name="Automatizacion de API TAREA" skipped="0" tests="48" time="77.1" timestamp="2022-11-08 02:14:53"><testcase name="Retrasar respuesta del sistema en &lt;id&gt; segundos"/><testcase name="Retrasar        respuesta del sistema en &lt;id&gt; segundos - No hace retraso 200"/><testcase name="Obtener usuario único por un id en específico con"/><testcase name="Obtener usuario único por un id en específico con"/><testcase name="Obtener recurso único por un id para el &lt;id&gt;"/><testcase name="Obtener recurso único por un id para el &lt;id&gt; - ERROR 404"/><testcase name="Crear Elemento mediante api"/><testcase name="Crear Elemento mediante api - Key &quot;&lt;name&gt;&quot; sin contenido en el resultado 201"/><testcase name="Crear registro mediante api"/><testcase name="Crear registro mediante api - Password no encontrado 400"/><testcase name="Crear login mediante api"/><testcase name="Crear login mediante api - Password no encontrado 400"/></testsuite>